[2019-08-21 15:06] SQL错误：You have an error in your SQL syntax; check the manual that corresponds to your MySQL server version for the right syntax to use near 'desc' at line 1
[2019-08-21 15:06] SQL错误：You have an error in your SQL syntax; check the manual that corresponds to your MySQL server version for the right syntax to use near 'desc' at line 1
[2019-08-21 15:06] SQL错误：You have an error in your SQL syntax; check the manual that corresponds to your MySQL server version for the right syntax to use near 'desc' at line 1
[2019-08-21 15:06] SQL错误：You have an error in your SQL syntax; check the manual that corresponds to your MySQL server version for the right syntax to use near 'desc' at line 1
[2019-08-21 15:06] SQL错误：You have an error in your SQL syntax; check the manual that corresponds to your MySQL server version for the right syntax to use near 'desc' at line 1
[2019-08-21 15:06] SQL错误：You have an error in your SQL syntax; check the manual that corresponds to your MySQL server version for the right syntax to use near 'desc' at line 1
[2019-08-21 15:06] SQL错误：You have an error in your SQL syntax; check the manual that corresponds to your MySQL server version for the right syntax to use near 'desc' at line 1
[2019-08-21 15:06] SQL错误：You have an error in your SQL syntax; check the manual that corresponds to your MySQL server version for the right syntax to use near 'desc' at line 1
[2019-08-21 15:06] SQL错误：You have an error in your SQL syntax; check the manual that corresponds to your MySQL server version for the right syntax to use near 'desc' at line 1
[2019-08-21 15:06] SQL错误：You have an error in your SQL syntax; check the manual that corresponds to your MySQL server version for the right syntax to use near 'desc' at line 1
[2019-08-21 15:06] SQL错误：You have an error in your SQL syntax; check the manual that corresponds to your MySQL server version for the right syntax to use near 'desc' at line 1
[2019-08-21 15:06] SQL错误：You have an error in your SQL syntax; check the manual that corresponds to your MySQL server version for the right syntax to use near 'desc' at line 1
[2019-08-21 15:06] SQL错误：You have an error in your SQL syntax; check the manual that corresponds to your MySQL server version for the right syntax to use near 'desc' at line 1
[2019-08-21 15:06] SQL错误：You have an error in your SQL syntax; check the manual that corresponds to your MySQL server version for the right syntax to use near 'desc' at line 1
[2019-08-21 15:07] SQL错误：You have an error in your SQL syntax; check the manual that corresponds to your MySQL server version for the right syntax to use near 'desc' at line 1
[2019-08-21 15:07] SQL错误：You have an error in your SQL syntax; check the manual that corresponds to your MySQL server version for the right syntax to use near 'desc' at line 1
[2019-08-22 09:53] SQL错误：Unknown column 'admin' in 'where clause'
[2019-08-24 11:46] SQL错误：You have an error in your SQL syntax; check the manual that corresponds to your MySQL server version for the right syntax to use near '0,20' at line 1
[2019-08-24 11:46] SQL错误：You have an error in your SQL syntax; check the manual that corresponds to your MySQL server version for the right syntax to use near '0,20' at line 1
[2019-08-24 11:46] SQL错误：You have an error in your SQL syntax; check the manual that corresponds to your MySQL server version for the right syntax to use near '0,20' at line 1
[2019-08-24 11:59] SQL错误：You have an error in your SQL syntax; check the manual that corresponds to your MySQL server version for the right syntax to use near '0,20' at line 1
[2019-08-26 09:34] SQL错误：You have an error in your SQL syntax; check the manual that corresponds to your MySQL server version for the right syntax to use near 'BY id desc' at line 1
[2019-08-26 09:34] SQL错误：You have an error in your SQL syntax; check the manual that corresponds to your MySQL server version for the right syntax to use near 'BY id desc' at line 1
[2019-09-05 12:00] SQL错误：Column count doesn't match value count at row 1
[2019-09-05 12:02] SQL错误：Column count doesn't match value count at row 1
[2019-09-05 12:02] SQL错误：Column count doesn't match value count at row 1
[2019-09-05 16:41] SQL错误：Column count doesn't match value count at row 1
[2019-09-05 16:55] SQL错误：Column count doesn't match value count at row 1
[2019-09-06 01:30] SQL错误：Column count doesn't match value count at row 1
